[debug] [2022-07-03T19:32:29.008Z] ----------------------------------------------------------------------
[debug] [2022-07-03T19:32:29.009Z] Command:       C:\Program Files\nodejs\node.exe C:\Users\FAISAL\AppData\Roaming\npm\node_modules\firebase-tools\lib\bin\firebase.js init
[debug] [2022-07-03T19:32:29.010Z] CLI Version:   10.2.2
[debug] [2022-07-03T19:32:29.010Z] Platform:      win32
[debug] [2022-07-03T19:32:29.010Z] Node Version:  v16.14.0
[debug] [2022-07-03T19:32:29.011Z] Time:          Mon Jul 04 2022 01:32:29 GMT+0600 (Bangladesh Standard Time)
[debug] [2022-07-03T19:32:29.011Z] ----------------------------------------------------------------------
[debug] 
[debug] [2022-07-03T19:32:29.016Z] > command requires scopes: ["email","openid","https://www.googleapis.com/auth/cloudplatformprojects.readonly","https://www.googleapis.com/auth/firebase","https://www.googleapis.com/auth/cloud-platform"]
[debug] [2022-07-03T19:32:29.017Z] > authorizing via signed-in user (rjmahir.faisal@gmail.com)
[info] 
     ######## #### ########  ######## ########     ###     ######  ########
     ##        ##  ##     ## ##       ##     ##  ##   ##  ##       ##
     ######    ##  ########  ######   ########  #########  ######  ######
     ##        ##  ##    ##  ##       ##     ## ##     ##       ## ##
     ##       #### ##     ## ######## ########  ##     ##  ######  ########

You're about to initialize a Firebase project in this directory:

  C:\InternShala task\Bit Brother Task\bit-brother-task

Before we get started, keep in mind:

  * You are currently outside your home directory

